<?xml version="1.0" encoding="UTF-8"?>
<!-- Generated by org.testng.reporters.JUnitReportReporter -->
<testsuite hostname="SDET-LT129" failures="0" tests="1" name="Practice.Saucedemo" time="8.359" errors="0" timestamp="2025-01-30T15:49:46 IST" skipped="0">
  <testcase classname="Practice.Saucedemo" name="username" time="8.359"/>
</testsuite> <!-- Practice.Saucedemo -->
