<?xml version="1.0" encoding="UTF-8"?>
<!-- Generated by org.testng.reporters.JUnitReportReporter -->
<testsuite hostname="SDET-LT129" failures="0" tests="1" name="Practice.Vatrina" time="19.249" errors="0" timestamp="2025-01-22T14:56:49 IST" skipped="0">
  <testcase classname="Practice.Vatrina" name="test1" time="19.249"/>
</testsuite> <!-- Practice.Vatrina -->
