<?xml version="1.0" encoding="UTF-8"?>
<!-- Generated by org.testng.reporters.JUnitReportReporter -->
<testsuite hostname="SDET-LT129" failures="0" tests="1" name="Practice.TestNG" time="0.010" errors="0" timestamp="2025-01-30T15:28:21 IST" skipped="0">
  <testcase classname="Practice.TestNG" name="four" time="0.010"/>
</testsuite> <!-- Practice.TestNG -->
